[debug] [2022-08-12T01:58:38.598Z] ----------------------------------------------------------------------
[debug] [2022-08-12T01:58:38.604Z] Command:       C:\Program Files\nodejs\node.exe C:\Users\hp\AppData\Roaming\npm\node_modules\firebase-tools\lib\bin\firebase.js init
[debug] [2022-08-12T01:58:38.605Z] CLI Version:   11.6.0
[debug] [2022-08-12T01:58:38.606Z] Platform:      win32
[debug] [2022-08-12T01:58:38.606Z] Node Version:  v16.13.1
[debug] [2022-08-12T01:58:38.608Z] Time:          Fri Aug 12 2022 07:28:38 GMT+0530 (India Standard Time)
[debug] [2022-08-12T01:58:38.609Z] ----------------------------------------------------------------------
[debug] 
[debug] [2022-08-12T01:58:38.766Z] > command requires scopes: ["email","openid","https://www.googleapis.com/auth/cloudplatformprojects.readonly","https://www.googleapis.com/auth/firebase","https://www.googleapis.com/auth/cloud-platform"]
[debug] [2022-08-12T01:58:38.767Z] > authorizing via signed-in user (abhi.singh3132@gmail.com)
[info] 
     ######## #### ########  ######## ########     ###     ######  ########
     ##        ##  ##     ## ##       ##     ##  ##   ##  ##       ##
     ######    ##  ########  ######   ########  #########  ######  ######
     ##        ##  ##    ##  ##       ##     ## ##     ##       ## ##
     ##       #### ##     ## ######## ########  ##     ##  ######  ########

You're about to initialize a Firebase project in this directory:

  C:\Users\hp\Desktop\web2022\React\movies

Before we get started, keep in mind:

  * You are initializing within an existing Firebase project directory

[info] 
=== Project Setup
[info] 
[info] First, let's associate this project directory with a Firebase project.
[info] You can create multiple project aliases by running firebase use --add, 
[info] but for now we'll just set up a default project.
[info] 
[debug] [2022-08-12T01:58:46.448Z] Using project from CLI flag: tmbdmovieproject
[debug] [2022-08-12T01:58:46.453Z] >>> [apiv2][query] GET https://firebase.googleapis.com/v1beta1/projects/tmbdmovieproject [none]
[debug] [2022-08-12T01:58:47.590Z] <<< [apiv2][status] GET https://firebase.googleapis.com/v1beta1/projects/tmbdmovieproject 200
[debug] [2022-08-12T01:58:47.591Z] <<< [apiv2][body] GET https://firebase.googleapis.com/v1beta1/projects/tmbdmovieproject {"projectId":"tmbdmovieproject","projectNumber":"239865657212","displayName":"TmbdMovieProject","name":"projects/tmbdmovieproject","resources":{"hostingSite":"tmbdmovieproject"},"state":"ACTIVE","etag":"1_05441265-63ea-4b24-9540-9511df9f6f22"}
[info] i  Using project tmbdmovieproject (TmbdMovieProject) 
[info] 
=== Hosting Setup
[info] 
[info] Your public directory is the folder (relative to your project directory) that
[info] will contain Hosting assets to be uploaded with firebase deploy. If you
[info] have a build process for your assets, use your build's output directory.
[info] 
[info] i  Skipping write of n/404.html 
[debug] [2022-08-12T01:59:39.772Z] >>> [apiv2][query] GET https://www.gstatic.com/firebasejs/releases.json [none]
[debug] [2022-08-12T01:59:40.063Z] <<< [apiv2][status] GET https://www.gstatic.com/firebasejs/releases.json 200
[debug] [2022-08-12T01:59:40.064Z] <<< [apiv2][body] GET https://www.gstatic.com/firebasejs/releases.json {"current":{"version":"9.9.2","browserURL":"https://www.gstatic.com/firebasejs/9.9.2/firebase.js","packageURL":"https://www.gstatic.com/firebasejs/9.9.2/firebase.tgz"},"live":{"version":"9.9","browserURL":"https://www.gstatic.com/firebasejs/live/9.9/firebase.js","packageURL":"https://www.gstatic.com/firebasejs/live/9.9/firebase.tgz"},"components":{"analytics":"https://www.gstatic.com/firebasejs/9.9.2/firebase-analytics.js","app":"https://www.gstatic.com/firebasejs/9.9.2/firebase-app.js","app-check":"https://www.gstatic.com/firebasejs/9.9.2/firebase-app-check.js","auth":"https://www.gstatic.com/firebasejs/9.9.2/firebase-auth.js","auth/cordova":"https://www.gstatic.com/firebasejs/9.9.2/firebase-auth/cordova.js","auth/react-native":"https://www.gstatic.com/firebasejs/9.9.2/firebase-auth/react-native.js","functions":"https://www.gstatic.com/firebasejs/9.9.2/firebase-functions.js","firestore":"https://www.gstatic.com/firebasejs/9.9.2/firebase-firestore.js","firestore/lite":"https://www.gstatic.com/firebasejs/9.9.2/firebase-firestore/lite.js","installations":"https://www.gstatic.com/firebasejs/9.9.2/firebase-installations.js","storage":"https://www.gstatic.com/firebasejs/9.9.2/firebase-storage.js","performance":"https://www.gstatic.com/firebasejs/9.9.2/firebase-performance.js","remote-config":"https://www.gstatic.com/firebasejs/9.9.2/firebase-remote-config.js","messaging":"https://www.gstatic.com/firebasejs/9.9.2/firebase-messaging.js","messaging/sw":"https://www.gstatic.com/firebasejs/9.9.2/firebase-messaging/sw.js","database":"https://www.gstatic.com/firebasejs/9.9.2/firebase-database.js","firestore.memory":"https://www.gstatic.com/firebasejs/9.9.2/firebase-firestore.memory.js"}}
[info] i  Skipping write of n/index.html 
[info] 
[info] i  Detected a .git folder at C:\Users\hp\Desktop\web2022 
[info] i  Authorizing with GitHub to upload your service account to a GitHub repository's secrets store. 
[info] 
[info] Visit this URL on this device to log in:
[info] https://github.com/login/oauth/authorize?client_id=89cf50f02ac6aaed3484&state=768568444&redirect_uri=http%3A%2F%2Flocalhost%3A9005&scope=read%3Auser%20repo%20public_repo
[info] 
[info] Waiting for authentication...
[debug] [2022-08-12T02:00:10.087Z] >>> [apiv2][query] POST https://github.com/login/oauth/access_token [none]
[debug] [2022-08-12T02:00:10.087Z] >>> [apiv2][body] POST https://github.com/login/oauth/access_token [stream]
[debug] [2022-08-12T02:00:10.521Z] <<< [apiv2][status] POST https://github.com/login/oauth/access_token 200
[debug] [2022-08-12T02:00:10.521Z] <<< [apiv2][body] POST https://github.com/login/oauth/access_token {"access_token":"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","token_type":"bearer","scope":"read:user,repo"}
[debug] [2022-08-12T02:00:10.534Z] >>> [apiv2][query] GET https://api.github.com/user [none]
[debug] [2022-08-12T02:00:11.315Z] <<< [apiv2][status] GET https://api.github.com/user 200
[debug] [2022-08-12T02:00:11.315Z] <<< [apiv2][body] GET https://api.github.com/user {"login":"Abhi9125","id":38842501,"node_id":"MDQ6VXNlcjM4ODQyNTAx","avatar_url":"https://avatars.githubusercontent.com/u/38842501?v=4","gravatar_id":"","url":"https://api.github.com/users/Abhi9125","html_url":"https://github.com/Abhi9125","followers_url":"https://api.github.com/users/Abhi9125/followers","following_url":"https://api.github.com/users/Abhi9125/following{/other_user}","gists_url":"https://api.github.com/users/Abhi9125/gists{/gist_id}","starred_url":"https://api.github.com/users/Abhi9125/starred{/owner}{/repo}","subscriptions_url":"https://api.github.com/users/Abhi9125/subscriptions","organizations_url":"https://api.github.com/users/Abhi9125/orgs","repos_url":"https://api.github.com/users/Abhi9125/repos","events_url":"https://api.github.com/users/Abhi9125/events{/privacy}","received_events_url":"https://api.github.com/users/Abhi9125/received_events","type":"User","site_admin":false,"name":null,"company":null,"blog":"","location":null,"email":null,"hireable":null,"bio":null,"twitter_username":null,"public_repos":6,"public_gists":0,"followers":1,"following":3,"created_at":"2018-04-29T20:03:14Z","updated_at":"2022-03-12T12:15:30Z","private_gists":0,"total_private_repos":0,"owned_private_repos":0,"disk_usage":587,"collaborators":0,"two_factor_authentication":false,"plan":{"name":"free","space":976562499,"collaborators":0,"private_repos":10000}}
[info] 
[info] +  Success! Logged into GitHub as Abhi9125 
[info] 
[debug] [2022-08-12T02:01:50.543Z] >>> [apiv2][query] GET https://api.github.com/repos/n/actions/secrets/public-key type=owner
[debug] [2022-08-12T02:01:51.003Z] <<< [apiv2][status] GET https://api.github.com/repos/n/actions/secrets/public-key 404
[debug] [2022-08-12T02:01:51.004Z] <<< [apiv2][body] GET https://api.github.com/repos/n/actions/secrets/public-key {"message":"Not Found","documentation_url":"https://docs.github.com/rest"}
[debug] [2022-08-12T02:01:54.145Z] >>> [apiv2][query] GET https://api.github.com/repos/n/actions/secrets/public-key type=owner
[debug] [2022-08-12T02:01:54.516Z] <<< [apiv2][status] GET https://api.github.com/repos/n/actions/secrets/public-key 404
[debug] [2022-08-12T02:01:54.517Z] <<< [apiv2][body] GET https://api.github.com/repos/n/actions/secrets/public-key {"message":"Not Found","documentation_url":"https://docs.github.com/rest"}
[debug] [2022-08-12T02:01:55.216Z] >>> [apiv2][query] GET https://api.github.com/repos/n/actions/secrets/public-key type=owner
[debug] [2022-08-12T02:01:55.408Z] >>> [apiv2][query] GET https://api.github.com/repos//actions/secrets/public-key type=owner
[debug] [2022-08-12T02:01:55.595Z] <<< [apiv2][status] GET https://api.github.com/repos/n/actions/secrets/public-key 404
[debug] [2022-08-12T02:01:55.595Z] <<< [apiv2][body] GET https://api.github.com/repos/n/actions/secrets/public-key {"message":"Not Found","documentation_url":"https://docs.github.com/rest"}
[debug] [2022-08-12T02:01:55.616Z] >>> [apiv2][query] GET https://api.github.com/repos/n/actions/secrets/public-key type=owner
[debug] [2022-08-12T02:01:55.776Z] <<< [apiv2][status] GET https://api.github.com/repos//actions/secrets/public-key 404
[debug] [2022-08-12T02:01:55.777Z] <<< [apiv2][body] GET https://api.github.com/repos//actions/secrets/public-key {"message":"Not Found","documentation_url":"https://docs.github.com/rest"}
[debug] [2022-08-12T02:01:56.000Z] <<< [apiv2][status] GET https://api.github.com/repos/n/actions/secrets/public-key 404
[debug] [2022-08-12T02:01:56.001Z] <<< [apiv2][body] GET https://api.github.com/repos/n/actions/secrets/public-key {"message":"Not Found","documentation_url":"https://docs.github.com/rest"}
[debug] [2022-08-12T02:01:56.039Z] >>> [apiv2][query] GET https://api.github.com/repos/n/actions/secrets/public-key type=owner
[debug] [2022-08-12T02:01:56.404Z] <<< [apiv2][status] GET https://api.github.com/repos/n/actions/secrets/public-key 404
[debug] [2022-08-12T02:01:56.404Z] <<< [apiv2][body] GET https://api.github.com/repos/n/actions/secrets/public-key {"message":"Not Found","documentation_url":"https://docs.github.com/rest"}
[debug] [2022-08-12T02:01:59.272Z] >>> [apiv2][query] GET https://api.github.com/repos/clsa/actions/secrets/public-key type=owner
[debug] [2022-08-12T02:01:59.743Z] <<< [apiv2][status] GET https://api.github.com/repos/clsa/actions/secrets/public-key 404
[debug] [2022-08-12T02:01:59.743Z] <<< [apiv2][body] GET https://api.github.com/repos/clsa/actions/secrets/public-key {"message":"Not Found","documentation_url":"https://docs.github.com/rest"}
[debug] [2022-08-12T02:02:01.584Z] >>> [apiv2][query] GET https://api.github.com/repos/cls/actions/secrets/public-key type=owner
[debug] [2022-08-12T02:02:01.933Z] <<< [apiv2][status] GET https://api.github.com/repos/cls/actions/secrets/public-key 404
[debug] [2022-08-12T02:02:01.934Z] <<< [apiv2][body] GET https://api.github.com/repos/cls/actions/secrets/public-key {"message":"Not Found","documentation_url":"https://docs.github.com/rest"}
[debug] [2022-08-12T02:02:02.280Z] >>> [apiv2][query] GET https://api.github.com/repos/cls/actions/secrets/public-key type=owner
[debug] [2022-08-12T02:02:02.640Z] <<< [apiv2][status] GET https://api.github.com/repos/cls/actions/secrets/public-key 404
[debug] [2022-08-12T02:02:02.640Z] <<< [apiv2][body] GET https://api.github.com/repos/cls/actions/secrets/public-key {"message":"Not Found","documentation_url":"https://docs.github.com/rest"}
[debug] [2022-08-12T02:02:03.016Z] >>> [apiv2][query] GET https://api.github.com/repos/cls/actions/secrets/public-key type=owner
[debug] [2022-08-12T02:02:03.390Z] <<< [apiv2][status] GET https://api.github.com/repos/cls/actions/secrets/public-key 404
[debug] [2022-08-12T02:02:03.390Z] <<< [apiv2][body] GET https://api.github.com/repos/cls/actions/secrets/public-key {"message":"Not Found","documentation_url":"https://docs.github.com/rest"}
[debug] [2022-08-12T02:41:55.204Z] Error: kill ENOSYS
    at process.kill (node:internal/process/per_thread:215:13)
    at process.listener (C:\Users\hp\AppData\Roaming\npm\node_modules\firebase-tools\node_modules\signal-exit\index.js:95:15)
    at process.emit (node:events:390:28)
[error] 
[error] Error: An unexpected error has occurred.
